<?xml version="1.0" encoding="UTF-8"?>
<!-- Generated by org.testng.reporters.JUnitReportReporter -->
<testsuite name="testNGTest.VerifyRadioButton" tests="2" time="34.049" ignored="0" failures="0" timestamp="29 Apr 2020 03:43:17 GMT" skipped="0" hostname="LAPTOP-NG2644BP" errors="0">
  <testcase name="testBmwRadioButton" time="15.682" classname="testNGTest.VerifyRadioButton"/>
  <testcase name="verifyAllRadioButtons" time="18.367" classname="testNGTest.VerifyRadioButton"/>
</testsuite> <!-- testNGTest.VerifyRadioButton -->
